cropper/build/intermediates/manifest_merge_blame_file/release/manifest-merger-blame-release-report.txt
1<?xml version="1.0" encoding="utf-8"?>
2<manifest xmlns:android="http://schemas.android.com/apk/res/android"
3    xmlns:tools="http://schemas.android.com/tools"
4    package="com.theartofdev.edmodo.cropper" >
5
6    <uses-sdk
7        android:minSdkVersion="16"
7-->src/main/AndroidManifest.xml
8        android:targetSdkVersion="30" />
8-->src/main/AndroidManifest.xml
9
10    <uses-permission android:name="android.permission.INTERNET" />
10-->src/main/AndroidManifest.xml:6:5-67
10-->src/main/AndroidManifest.xml:6:22-64
11
12    <application>
12-->src/main/AndroidManifest.xml:7:5-13:19
13
14        <!-- <meta-data -->
15        <!-- android:name="com.google.android.gms.ads.APPLICATION_ID" -->
16        <!-- android:value="@string/app_id"/> -->
17        <activity
17-->src/main/AndroidManifest.xml:11:9-12:47
18            android:name="com.theartofdev.edmodo.cropper.CropImageActivity"
18-->src/main/AndroidManifest.xml:11:19-82
19            android:theme="@style/CropTheme" />
19-->src/main/AndroidManifest.xml:12:13-45
20    </application>
21
22</manifest>